0 info it worked if it ends with ok
1 verbose cli [ 'node', '/usr/local/bin/npm', 'publish' ]
2 info using npm@2.7.4
3 info using node@v0.10.32
4 verbose publish [ '.' ]
5 verbose stack Error: Failed to parse json
5 verbose stack Unexpected token '\'' at 8:12
5 verbose stack   "files":['bin'],
5 verbose stack            ^
5 verbose stack     at parseError (/usr/local/lib/node_modules/npm/node_modules/read-package-json/read-json.js:406:25)
5 verbose stack     at parseJson (/usr/local/lib/node_modules/npm/node_modules/read-package-json/read-json.js:86:51)
5 verbose stack     at /usr/local/lib/node_modules/npm/node_modules/read-package-json/read-json.js:60:33
5 verbose stack     at evalmachine.<anonymous>:271:14
5 verbose stack     at /usr/local/lib/node_modules/npm/node_modules/graceful-fs/graceful-fs.js:102:5
5 verbose stack     at Object.oncomplete (evalmachine.<anonymous>:107:15)
6 verbose cwd /Users/ericever/Desktop/node/node-CMD
7 error Darwin 14.3.0
8 error argv "node" "/usr/local/bin/npm" "publish"
9 error node v0.10.32
10 error npm  v2.7.4
11 error file /Users/ericever/Desktop/node/node-CMD/package.json
12 error code EJSONPARSE
13 error Failed to parse json
13 error Unexpected token '\'' at 8:12
13 error   "files":['bin'],
13 error            ^
14 error File: /Users/ericever/Desktop/node/node-CMD/package.json
15 error Failed to parse package.json data.
15 error package.json must be actual JSON, not just JavaScript.
15 error
15 error This is not a bug in npm.
15 error Tell the package author to fix their package.json file. JSON.parse
16 verbose exit [ 1, true ]
